Heap:
 PSYoungGen      total 260096K, used 2801K [0x000000076ab00000, 0x000000078a580000, 0x00000007c0000000)
  eden space 187392K, 1% used [0x000000076ab00000,0x000000076adbc570,0x0000000776200000)
  from space 72704K, 0% used [0x000000077e680000,0x000000077e680000,0x0000000782d80000)
  to   space 135680K, 0% used [0x0000000776200000,0x0000000776200000,0x000000077e680000)
 ParOldGen       total 446464K, used 109816K [0x00000006c0000000, 0x00000006db400000, 0x000000076ab00000)
  object space 446464K, 24% used [0x00000006c0000000,0x00000006c6b3e2a0,0x00000006db400000)
 Metaspace       used 10524K, capacity 10764K, committed 11136K, reserved 1058816K
  class space    used 1199K, capacity 1280K, committed 1408K, reserved 1048576K
GC Heap History (10 events):
Event: 27.452 GC heap before
{Heap before GC invocations=170 (full 156):
 PSYoungGen      total 260096K, used 249786K [0x000000076ab00000, 0x000000078a580000, 0x00000007c0000000)
  eden space 187392K, 99% used [0x000000076ab00000,0x00000007761ff6d0,0x0000000776200000)
  from space 72704K, 85% used [0x000000077e680000,0x000000078236f310,0x0000000782d80000)
  to   space 135680K, 0% used [0x0000000776200000,0x0000000776200000,0x000000077e680000)
 ParOldGen       total 446464K, used 446459K [0x00000006c0000000, 0x00000006db400000, 0x000000076ab00000)
  object space 446464K, 99% used [0x00000006c0000000,0x00000006db3fece8,0x00000006db400000)
 Metaspace       used 10615K, capacity 10936K, committed 11136K, reserved 1058816K
  class space    used 1214K, capacity 1312K, committed 1408K, reserved 1048576K
Event: 27.881 GC heap after
Heap after GC invocations=170 (full 156):
 PSYoungGen      total 260096K, used 249786K [0x000000076ab00000, 0x000000078a580000, 0x00000007c0000000)
  eden space 187392K, 99% used [0x000000076ab00000,0x00000007761ff6d0,0x0000000776200000)
  from space 72704K, 85% used [0x000000077e680000,0x000000078236f310,0x0000000782d80000)
  to   space 135680K, 0% used [0x0000000776200000,0x0000000776200000,0x000000077e680000)
 ParOldGen       total 446464K, used 446210K [0x00000006c0000000, 0x00000006db400000, 0x000000076ab00000)
  object space 446464K, 99% used [0x00000006c0000000,0x00000006db3c0908,0x00000006db400000)
 Metaspace       used 10508K, capacity 10764K, committed 11136K, reserved 1058816K
  class space    used 1196K, capacity 1280K, committed 1408K, reserved 1048576K
}
Event: 27.881 GC heap before
{Heap before GC invocations=171 (full 157):
 PSYoungGen      total 260096K, used 249788K [0x000000076ab00000, 0x000000078a580000, 0x00000007c0000000)
  eden space 187392K, 99% used [0x000000076ab00000,0x00000007761fff00,0x0000000776200000)
  from space 72704K, 85% used [0x000000077e680000,0x000000078236f310,0x0000000782d80000)
  to   space 135680K, 0% used [0x0000000776200000,0x0000000776200000,0x000000077e680000)
 ParOldGen       total 446464K, used 446257K [0x00000006c0000000, 0x00000006db400000, 0x000000076ab00000)
  object space 446464K, 99% used [0x00000006c0000000,0x00000006db3cc4e8,0x00000006db400000)
 Metaspace       used 10508K, capacity 10764K, committed 11136K, reserved 1058816K
  class space    used 1196K, capacity 1280K, committed 1408K, reserved 1048576K
Event: 28.035 GC heap after
Heap after GC invocations=171 (full 157):
 PSYoungGen      total 260096K, used 249786K [0x000000076ab00000, 0x000000078a580000, 0x00000007c0000000)
  eden space 187392K, 99% used [0x000000076ab00000,0x00000007761ff6d8,0x0000000776200000)
  from space 72704K, 85% used [0x000000077e680000,0x000000078236f310,0x0000000782d80000)
  to   space 135680K, 0% used [0x0000000776200000,0x0000000776200000,0x000000077e680000)
 ParOldGen       total 446464K, used 446257K [0x00000006c0000000, 0x00000006db400000, 0x000000076ab00000)
  object space 446464K, 99% used [0x00000006c0000000,0x00000006db3cc4e8,0x00000006db400000)
 Metaspace       used 10508K, capacity 10764K, committed 11136K, reserved 1058816K
  class space    used 1196K, capacity 1280K, committed 1408K, reserved 1048576K
}
Event: 28.035 GC heap before
{Heap before GC invocations=172 (full 158):
 PSYoungGen      total 260096K, used 249788K [0x000000076ab00000, 0x000000078a580000, 0x00000007c0000000)
  eden space 187392K, 99% used [0x000000076ab00000,0x00000007761fff08,0x0000000776200000)
  from space 72704K, 85% used [0x000000077e680000,0x000000078236f310,0x0000000782d80000)
  to   space 135680K, 0% used [0x0000000776200000,0x0000000776200000,0x000000077e680000)
 ParOldGen       total 446464K, used 446460K [0x00000006c0000000, 0x00000006db400000, 0x000000076ab00000)
  object space 446464K, 99% used [0x00000006c0000000,0x00000006db3ff308,0x00000006db400000)
 Metaspace       used 10508K, capacity 10764K, committed 11136K, reserved 1058816K
  class space    used 1196K, capacity 1280K, committed 1408K, reserved 1048576K
Event: 28.189 GC heap after
Heap after GC invocations=172 (full 158):
 PSYoungGen      total 260096K, used 249786K [0x000000076ab00000, 0x000000078a580000, 0x00000007c0000000)
  eden space 187392K, 99% used [0x000000076ab00000,0x00000007761ff6d0,0x0000000776200000)
  from space 72704K, 85% used [0x000000077e680000,0x000000078236f310,0x0000000782d80000)
  to   space 135680K, 0% used [0x0000000776200000,0x0000000776200000,0x000000077e680000)
 ParOldGen       total 446464K, used 446460K [0x00000006c0000000, 0x00000006db400000, 0x000000076ab00000)
  object space 446464K, 99% used [0x00000006c0000000,0x00000006db3ff308,0x00000006db400000)
 Metaspace       used 10508K, capacity 10764K, committed 11136K, reserved 1058816K
  class space    used 1196K, capacity 1280K, committed 1408K, reserved 1048576K
}
Event: 28.190 GC heap before
{Heap before GC invocations=173 (full 159):
 PSYoungGen      total 260096K, used 249786K [0x000000076ab00000, 0x000000078a580000, 0x00000007c0000000)
  eden space 187392K, 99% used [0x000000076ab00000,0x00000007761ff6d0,0x0000000776200000)
  from space 72704K, 85% used [0x000000077e680000,0x000000078236f310,0x0000000782d80000)
  to   space 135680K, 0% used [0x0000000776200000,0x0000000776200000,0x000000077e680000)
 ParOldGen       total 446464K, used 446460K [0x00000006c0000000, 0x00000006db400000, 0x000000076ab00000)
  object space 446464K, 99% used [0x00000006c0000000,0x00000006db3ff308,0x00000006db400000)
 Metaspace       used 10508K, capacity 10764K, committed 11136K, reserved 1058816K
  class space    used 1196K, capacity 1280K, committed 1408K, reserved 1048576K
Event: 28.346 GC heap after
Heap after GC invocations=173 (full 159):
 PSYoungGen      total 260096K, used 249786K [0x000000076ab00000, 0x000000078a580000, 0x00000007c0000000)
  eden space 187392K, 99% used [0x000000076ab00000,0x00000007761ff6d0,0x0000000776200000)
  from space 72704K, 85% used [0x000000077e680000,0x000000078236f310,0x0000000782d80000)
  to   space 135680K, 0% used [0x0000000776200000,0x0000000776200000,0x000000077e680000)
 ParOldGen       total 446464K, used 446460K [0x00000006c0000000, 0x00000006db400000, 0x000000076ab00000)
  object space 446464K, 99% used [0x00000006c0000000,0x00000006db3ff308,0x00000006db400000)
 Metaspace       used 10508K, capacity 10764K, committed 11136K, reserved 1058816K
  class space    used 1196K, capacity 1280K, committed 1408K, reserved 1048576K
}
Event: 28.347 GC heap before
{Heap before GC invocations=174 (full 160):
 PSYoungGen      total 260096K, used 249788K [0x000000076ab00000, 0x000000078a580000, 0x00000007c0000000)
  eden space 187392K, 100% used [0x000000076ab00000,0x0000000776200000,0x0000000776200000)
  from space 72704K, 85% used [0x000000077e680000,0x000000078236f310,0x0000000782d80000)
  to   space 135680K, 0% used [0x0000000776200000,0x0000000776200000,0x000000077e680000)
 ParOldGen       total 446464K, used 446462K [0x00000006c0000000, 0x00000006db400000, 0x000000076ab00000)
  object space 446464K, 99% used [0x00000006c0000000,0x00000006db3ffad0,0x00000006db400000)
 Metaspace       used 10520K, capacity 10764K, committed 11136K, reserved 1058816K
  class space    used 1199K, capacity 1280K, committed 1408K, reserved 1048576K
Event: 28.498 GC heap after
Heap after GC invocations=174 (full 160):
 PSYoungGen      total 260096K, used 0K [0x000000076ab00000, 0x000000078a580000, 0x00000007c0000000)
  eden space 187392K, 0% used [0x000000076ab00000,0x000000076ab00000,0x0000000776200000)
  from space 72704K, 0% used [0x000000077e680000,0x000000077e680000,0x0000000782d80000)
  to   space 135680K, 0% used [0x0000000776200000,0x0000000776200000,0x000000077e680000)
 ParOldGen       total 446464K, used 109816K [0x00000006c0000000, 0x00000006db400000, 0x000000076ab00000)
  object space 446464K, 24% used [0x00000006c0000000,0x00000006c6b3e2a0,0x00000006db400000)
 Metaspace       used 10520K, capacity 10764K, committed 11136K, reserved 1058816K
  class space    used 1199K, capacity 1280K, committed 1408K, reserved 1048576K
}

